2025-03-17 12:47:00,108 - INFO - Ads scraper initialized
2025-03-17 12:47:02,228 - INFO - Browser closed
2025-03-17 12:47:49,903 - INFO - Ads scraper initialized
2025-03-17 12:47:52,028 - INFO - Browser closed
2025-03-17 12:48:09,164 - INFO - Ads scraper initialized
2025-03-17 12:48:11,321 - INFO - Browser closed
2025-03-17 12:48:35,983 - INFO - Ads scraper initialized
2025-03-17 12:48:59,095 - WARNING - Retrying (Retry(total=2, connect=None, read=None, redirect=None, status=None)) after connection broken by 'NewConnectionError('<urllib3.connection.HTTPConnection object at 0x000001B21264E850>: Failed to establish a new connection: [WinError 10061] No connection could be made because the target machine actively refused it')': /session/8f2b0dfab87530cabd0d0c9ecb1b6486
2025-03-17 12:49:03,186 - WARNING - Retrying (Retry(total=1, connect=None, read=None, redirect=None, status=None)) after connection broken by 'NewConnectionError('<urllib3.connection.HTTPConnection object at 0x000001B21264EAD0>: Failed to establish a new connection: [WinError 10061] No connection could be made because the target machine actively refused it')': /session/8f2b0dfab87530cabd0d0c9ecb1b6486
2025-03-17 12:49:07,223 - WARNING - Retrying (Retry(total=0, connect=None, read=None, redirect=None, status=None)) after connection broken by 'NewConnectionError('<urllib3.connection.HTTPConnection object at 0x000001B2128D0050>: Failed to establish a new connection: [WinError 10061] No connection could be made because the target machine actively refused it')': /session/8f2b0dfab87530cabd0d0c9ecb1b6486
2025-03-17 12:49:15,392 - INFO - Browser closed
2025-03-17 12:50:19,606 - INFO - Ads scraper initialized
2025-03-17 12:50:36,075 - INFO - Data saved to ads_posts.xlsx
2025-03-17 12:50:40,175 - WARNING - Retrying (Retry(total=2, connect=None, read=None, redirect=None, status=None)) after connection broken by 'NewConnectionError('<urllib3.connection.HTTPConnection object at 0x000001F3CD5025D0>: Failed to establish a new connection: [WinError 10061] No connection could be made because the target machine actively refused it')': /session/99a924a1f4969c97ac1520850d0f7010
2025-03-17 12:50:44,277 - WARNING - Retrying (Retry(total=1, connect=None, read=None, redirect=None, status=None)) after connection broken by 'NewConnectionError('<urllib3.connection.HTTPConnection object at 0x000001F3CD502990>: Failed to establish a new connection: [WinError 10061] No connection could be made because the target machine actively refused it')': /session/99a924a1f4969c97ac1520850d0f7010
2025-03-17 12:50:48,344 - WARNING - Retrying (Retry(total=0, connect=None, read=None, redirect=None, status=None)) after connection broken by 'NewConnectionError('<urllib3.connection.HTTPConnection object at 0x000001F3CD451940>: Failed to establish a new connection: [WinError 10061] No connection could be made because the target machine actively refused it')': /session/99a924a1f4969c97ac1520850d0f7010
2025-03-17 12:50:56,475 - INFO - Browser closed
2025-03-17 12:52:58,911 - INFO - Ads scraper initialized
2025-03-17 12:53:33,488 - INFO - Data saved to ads_posts.xlsx
2025-03-17 12:53:37,550 - WARNING - Retrying (Retry(total=2, connect=None, read=None, redirect=None, status=None)) after connection broken by 'NewConnectionError('<urllib3.connection.HTTPConnection object at 0x000001A859686D50>: Failed to establish a new connection: [WinError 10061] No connection could be made because the target machine actively refused it')': /session/71b00cf28db7bc07d8ef2be879b3166b
2025-03-17 12:53:41,623 - WARNING - Retrying (Retry(total=1, connect=None, read=None, redirect=None, status=None)) after connection broken by 'NewConnectionError('<urllib3.connection.HTTPConnection object at 0x000001A859686E90>: Failed to establish a new connection: [WinError 10061] No connection could be made because the target machine actively refused it')': /session/71b00cf28db7bc07d8ef2be879b3166b
2025-03-17 12:53:45,723 - WARNING - Retrying (Retry(total=0, connect=None, read=None, redirect=None, status=None)) after connection broken by 'NewConnectionError('<urllib3.connection.HTTPConnection object at 0x000001A8595CEEA0>: Failed to establish a new connection: [WinError 10061] No connection could be made because the target machine actively refused it')': /session/71b00cf28db7bc07d8ef2be879b3166b
2025-03-17 12:53:53,873 - INFO - Browser closed
2025-03-17 12:59:35,805 - INFO - Ads scraper initialized
2025-03-17 12:59:48,287 - INFO - Ads scraper initialized
2025-03-17 13:00:03,765 - INFO - Data saved to ads_posts.xlsx
2025-03-17 13:00:06,022 - INFO - Browser closed
2025-03-17 13:01:39,166 - INFO - Ads scraper initialized
2025-03-17 13:02:09,038 - INFO - Scraped 10 posts for keyword 'nha khoa'
2025-03-17 13:02:09,369 - INFO - Data saved to ads_posts.xlsx
2025-03-17 13:02:11,624 - INFO - Browser closed
2025-03-17 16:32:27,355 - INFO - Ads scraper initialized
2025-03-17 16:32:57,611 - INFO - Scraped 10 posts for keyword 'nha khoa'
2025-03-17 16:32:57,845 - INFO - Data saved to ads_posts.xlsx
2025-03-17 16:33:00,164 - INFO - Browser closed
2025-03-17 16:36:30,302 - INFO - Ads scraper initialized
2025-03-17 16:36:58,148 - INFO - Scraped 2 posts for keyword 'nha khoa'
2025-03-17 16:36:58,405 - INFO - Data saved to ads_posts.xlsx
2025-03-17 16:37:00,684 - INFO - Browser closed
2025-03-17 16:38:23,512 - INFO - Ads scraper initialized
2025-03-17 16:38:36,563 - INFO - Ads Scraped
2025-03-17 16:38:36,614 - INFO - Ads Scraped
2025-03-17 16:38:52,479 - INFO - Ads Scraped
2025-03-17 16:38:52,531 - INFO - Ads Scraped
2025-03-17 16:38:54,930 - INFO - Scraped 2 posts for keyword 'nha khoa'
2025-03-17 16:38:55,185 - INFO - Data saved to ads_posts.xlsx
2025-03-17 16:38:57,475 - INFO - Browser closed
2025-03-17 16:58:31,339 - INFO - Ads scraper initialized
2025-03-17 16:58:40,738 - INFO - Ads Scraped
2025-03-17 16:58:40,808 - INFO - Ads Scraped
2025-03-17 16:58:44,369 - INFO - Scraped 2 posts for keyword 'thẫm mỹ'
2025-03-17 16:58:53,440 - INFO - Ads Scraped
2025-03-17 16:58:53,486 - INFO - Ads Scraped
2025-03-17 16:58:57,563 - INFO - Scraped 2 posts for keyword 'nha khoa'
2025-03-17 16:58:57,766 - INFO - Data saved to ads_posts.xlsx
2025-03-17 16:59:00,048 - INFO - Browser closed
2025-03-17 17:02:28,933 - INFO - Ads scraper initialized
2025-03-17 17:02:42,904 - INFO - Browser closed
2025-03-17 17:02:54,800 - INFO - Ads scraper initialized
2025-03-17 17:03:09,761 - INFO - Ads Scraped
2025-03-17 17:03:09,861 - INFO - Ads Scraped
2025-03-17 17:03:12,858 - INFO - Scraped 2 posts for keyword 'thẫm mỹ'
2025-03-17 17:03:24,394 - INFO - Ads Scraped
2025-03-17 17:03:24,473 - INFO - Ads Scraped
2025-03-17 17:03:29,201 - INFO - Scraped 2 posts for keyword 'nha khoa'
2025-03-17 17:03:31,756 - INFO - Browser closed
2025-03-17 17:07:08,955 - INFO - Ads scraper initialized
2025-03-17 17:07:18,807 - INFO - Ads Scraped
2025-03-17 17:07:18,888 - INFO - Ads Scraped
2025-03-17 17:07:23,409 - INFO - Scraped 2 posts for keyword 'thẫm mỹ'
2025-03-17 17:07:32,757 - INFO - Ads Scraped
2025-03-17 17:07:32,853 - INFO - Ads Scraped
2025-03-17 17:07:35,777 - INFO - Scraped 2 posts for keyword 'nha khoa'
2025-03-17 17:07:38,306 - INFO - Browser closed
2025-03-17 17:07:47,442 - INFO - Ads scraper initialized
2025-03-17 17:07:57,519 - INFO - Ads Scraped
2025-03-17 17:07:57,581 - INFO - Ads Scraped
2025-03-17 17:08:00,005 - INFO - Scraped 2 posts for keyword 'thẫm mỹ'
2025-03-17 17:08:08,792 - INFO - Ads Scraped
2025-03-17 17:08:08,875 - INFO - Ads Scraped
2025-03-17 17:08:11,513 - INFO - Scraped 2 posts for keyword 'nha khoa'
2025-03-17 17:08:14,047 - INFO - Browser closed
2025-03-17 17:10:21,884 - INFO - Ads scraper initialized
2025-03-17 17:10:32,336 - INFO - Ads Scraped
2025-03-17 17:10:32,396 - INFO - Ads Scraped
2025-03-17 17:10:37,410 - INFO - Scraped 2 posts for keyword 'thẫm mỹ'
2025-03-17 17:10:47,262 - INFO - Ads Scraped
2025-03-17 17:10:47,357 - INFO - Ads Scraped
2025-03-17 17:10:51,323 - INFO - Scraped 2 posts for keyword 'nha khoa'
2025-03-17 17:10:53,863 - INFO - Browser closed
2025-03-17 17:13:11,781 - INFO - Ads scraper initialized
2025-03-17 17:13:23,940 - INFO - Browser closed
2025-03-17 17:13:44,707 - INFO - Ads scraper initialized
2025-03-17 17:13:57,041 - INFO - Ads Scraped
2025-03-17 17:13:57,114 - INFO - Ads Scraped
2025-03-17 17:14:00,909 - INFO - Scraped 2 posts for keyword 'thẫm mỹ'
2025-03-17 17:14:03,345 - INFO - Browser closed
2025-03-17 17:15:04,623 - INFO - Ads scraper initialized
2025-03-17 17:15:20,287 - INFO - Browser closed
2025-03-17 17:15:45,396 - INFO - Ads scraper initialized
2025-03-17 17:15:58,266 - INFO - Browser closed
2025-03-17 17:17:46,399 - INFO - Ads scraper initialized
2025-03-17 17:17:58,274 - INFO - Ads Scraped
2025-03-17 17:17:58,336 - INFO - Ads Scraped
2025-03-17 17:18:01,628 - INFO - Scraped 2 posts for keyword 'thẫm mỹ'
2025-03-17 17:18:04,117 - INFO - Browser closed
2025-03-17 17:18:39,986 - INFO - Ads scraper initialized
2025-03-17 17:18:51,427 - INFO - Ads Scraped
2025-03-17 17:18:51,511 - INFO - Ads Scraped
2025-03-17 17:18:56,505 - INFO - Scraped 2 posts for keyword 'thẫm mỹ'
2025-03-17 17:18:58,983 - INFO - Browser closed
2025-03-17 17:19:13,694 - INFO - Ads scraper initialized
2025-03-17 17:19:29,701 - INFO - Ads Scraped
2025-03-17 17:19:29,778 - INFO - Ads Scraped
2025-03-17 17:19:34,647 - INFO - Scraped 2 posts for keyword 'thẫm mỹ'
2025-03-17 17:19:37,095 - INFO - Browser closed
2025-03-17 17:20:26,212 - INFO - Ads scraper initialized
2025-03-17 17:20:41,666 - INFO - Ads Scraped
2025-03-17 17:20:41,732 - INFO - Ads Scraped
2025-03-17 17:20:45,582 - INFO - Scraped 2 posts for keyword 'thẫm mỹ'
2025-03-17 17:20:45,792 - INFO - Data saved to ads_posts.xlsx
2025-03-17 17:20:48,018 - INFO - Browser closed
2025-03-17 17:21:20,360 - INFO - Ads scraper initialized
2025-03-17 17:21:30,305 - INFO - Ads Scraped
2025-03-17 17:21:30,404 - INFO - Ads Scraped
2025-03-17 17:21:30,444 - INFO - Ads Scraped
2025-03-17 17:21:30,519 - INFO - Ads Scraped
2025-03-17 17:21:30,571 - INFO - Ads Scraped
2025-03-17 17:21:30,636 - INFO - Ads Scraped
2025-03-17 17:21:30,742 - INFO - Ads Scraped
2025-03-17 17:21:30,820 - INFO - Ads Scraped
2025-03-17 17:21:30,896 - INFO - Ads Scraped
2025-03-17 17:21:30,967 - INFO - Ads Scraped
2025-03-17 17:21:31,036 - INFO - Ads Scraped
2025-03-17 17:21:31,102 - INFO - Ads Scraped
2025-03-17 17:21:31,144 - INFO - Ads Scraped
2025-03-17 17:21:31,214 - INFO - Ads Scraped
2025-03-17 17:21:31,292 - INFO - Ads Scraped
2025-03-17 17:21:31,341 - INFO - Ads Scraped
2025-03-17 17:21:31,416 - INFO - Ads Scraped
2025-03-17 17:21:31,491 - INFO - Ads Scraped
2025-03-17 17:21:31,562 - INFO - Ads Scraped
2025-03-17 17:21:31,595 - INFO - Ads Scraped
2025-03-17 17:21:31,660 - INFO - Ads Scraped
2025-03-17 17:21:31,719 - INFO - Ads Scraped
2025-03-17 17:21:31,781 - INFO - Ads Scraped
2025-03-17 17:21:31,847 - INFO - Ads Scraped
2025-03-17 17:21:31,920 - INFO - Ads Scraped
2025-03-17 17:21:31,983 - INFO - Ads Scraped
2025-03-17 17:21:36,214 - INFO - Ads Scraped
2025-03-17 17:21:36,288 - INFO - Ads Scraped
2025-03-17 17:21:36,358 - INFO - Ads Scraped
2025-03-17 17:21:37,383 - INFO - Ads Scraped
2025-03-17 17:21:37,448 - INFO - Ads Scraped
2025-03-17 17:21:37,509 - INFO - Ads Scraped
2025-03-17 17:21:37,572 - INFO - Ads Scraped
2025-03-17 17:21:37,630 - INFO - Ads Scraped
2025-03-17 17:21:37,701 - INFO - Ads Scraped
2025-03-17 17:21:37,761 - INFO - Ads Scraped
2025-03-17 17:21:37,815 - INFO - Ads Scraped
2025-03-17 17:21:37,882 - INFO - Ads Scraped
2025-03-17 17:21:37,946 - INFO - Ads Scraped
2025-03-17 17:21:38,016 - INFO - Ads Scraped
2025-03-17 17:21:38,081 - INFO - Ads Scraped
2025-03-17 17:21:38,150 - INFO - Ads Scraped
2025-03-17 17:21:38,217 - INFO - Ads Scraped
2025-03-17 17:21:38,279 - INFO - Ads Scraped
2025-03-17 17:21:38,351 - INFO - Ads Scraped
2025-03-17 17:21:38,417 - INFO - Ads Scraped
2025-03-17 17:21:38,484 - INFO - Ads Scraped
2025-03-17 17:21:38,551 - INFO - Ads Scraped
2025-03-17 17:21:38,652 - INFO - Ads Scraped
2025-03-17 17:21:38,714 - INFO - Ads Scraped
2025-03-17 17:21:42,211 - INFO - Scraped 50 posts for keyword 'thẫm mỹ'
2025-03-17 17:21:51,443 - INFO - Ads Scraped
2025-03-17 17:21:51,527 - INFO - Ads Scraped
2025-03-17 17:21:51,594 - INFO - Ads Scraped
2025-03-17 17:21:51,763 - INFO - Ads Scraped
2025-03-17 17:21:51,807 - INFO - Ads Scraped
2025-03-17 17:21:51,870 - INFO - Ads Scraped
2025-03-17 17:21:51,959 - INFO - Ads Scraped
2025-03-17 17:21:52,032 - INFO - Ads Scraped
2025-03-17 17:21:52,113 - INFO - Ads Scraped
2025-03-17 17:21:52,188 - INFO - Ads Scraped
2025-03-17 17:21:52,302 - INFO - Ads Scraped
2025-03-17 17:21:52,365 - INFO - Ads Scraped
2025-03-17 17:21:52,511 - INFO - Ads Scraped
2025-03-17 17:21:52,552 - INFO - Ads Scraped
2025-03-17 17:21:52,616 - INFO - Ads Scraped
2025-03-17 17:21:52,689 - INFO - Ads Scraped
2025-03-17 17:21:52,763 - INFO - Ads Scraped
2025-03-17 17:21:52,799 - INFO - Ads Scraped
2025-03-17 17:21:52,842 - INFO - Ads Scraped
2025-03-17 17:21:52,906 - INFO - Ads Scraped
2025-03-17 17:21:58,574 - INFO - Ads Scraped
2025-03-17 17:21:58,642 - INFO - Ads Scraped
2025-03-17 17:21:58,730 - INFO - Ads Scraped
2025-03-17 17:21:58,797 - INFO - Ads Scraped
2025-03-17 17:21:58,863 - INFO - Ads Scraped
2025-03-17 17:21:58,910 - INFO - Ads Scraped
2025-03-17 17:21:58,977 - INFO - Ads Scraped
2025-03-17 17:21:59,036 - INFO - Ads Scraped
2025-03-17 17:21:59,079 - INFO - Ads Scraped
2025-03-17 17:21:59,137 - INFO - Ads Scraped
2025-03-17 17:21:59,204 - INFO - Ads Scraped
2025-03-17 17:21:59,262 - INFO - Ads Scraped
2025-03-17 17:21:59,331 - INFO - Ads Scraped
2025-03-17 17:21:59,401 - INFO - Ads Scraped
2025-03-17 17:21:59,475 - INFO - Ads Scraped
2025-03-17 17:21:59,544 - INFO - Ads Scraped
2025-03-17 17:21:59,618 - INFO - Ads Scraped
2025-03-17 17:22:04,769 - INFO - Ads Scraped
2025-03-17 17:22:04,845 - INFO - Ads Scraped
2025-03-17 17:22:04,914 - INFO - Ads Scraped
2025-03-17 17:22:04,982 - INFO - Ads Scraped
2025-03-17 17:22:05,044 - INFO - Ads Scraped
2025-03-17 17:22:05,107 - INFO - Ads Scraped
2025-03-17 17:22:05,172 - INFO - Ads Scraped
2025-03-17 17:22:05,236 - INFO - Ads Scraped
2025-03-17 17:22:05,295 - INFO - Ads Scraped
2025-03-17 17:22:05,421 - INFO - Ads Scraped
2025-03-17 17:22:05,483 - INFO - Ads Scraped
2025-03-17 17:22:05,549 - INFO - Ads Scraped
2025-03-17 17:22:05,711 - INFO - Ads Scraped
2025-03-17 17:22:09,550 - INFO - Scraped 50 posts for keyword 'lọc máu'
2025-03-17 17:22:12,167 - INFO - Browser closed
2025-03-17 17:25:30,061 - INFO - Ads scraper initialized
2025-03-17 17:25:45,452 - INFO - Ads Scraped
2025-03-17 17:25:45,517 - INFO - Ads Scraped
2025-03-17 17:25:45,562 - INFO - Ads Scraped
2025-03-17 17:25:45,633 - INFO - Ads Scraped
2025-03-17 17:25:45,679 - INFO - Ads Scraped
2025-03-17 17:25:45,738 - INFO - Ads Scraped
2025-03-17 17:25:45,806 - INFO - Ads Scraped
2025-03-17 17:25:45,873 - INFO - Ads Scraped
2025-03-17 17:25:45,941 - INFO - Ads Scraped
2025-03-17 17:25:46,009 - INFO - Ads Scraped
2025-03-17 17:25:46,075 - INFO - Ads Scraped
2025-03-17 17:25:46,145 - INFO - Ads Scraped
2025-03-17 17:25:46,189 - INFO - Ads Scraped
2025-03-17 17:25:46,260 - INFO - Ads Scraped
2025-03-17 17:25:46,330 - INFO - Ads Scraped
2025-03-17 17:25:46,378 - INFO - Ads Scraped
2025-03-17 17:25:46,443 - INFO - Ads Scraped
2025-03-17 17:25:46,508 - INFO - Ads Scraped
2025-03-17 17:25:46,570 - INFO - Ads Scraped
2025-03-17 17:25:46,609 - INFO - Ads Scraped
2025-03-17 17:25:46,677 - INFO - Ads Scraped
2025-03-17 17:25:46,738 - INFO - Ads Scraped
2025-03-17 17:25:46,803 - INFO - Ads Scraped
2025-03-17 17:25:46,875 - INFO - Ads Scraped
2025-03-17 17:25:46,943 - INFO - Ads Scraped
2025-03-17 17:25:47,009 - INFO - Ads Scraped
2025-03-17 17:25:51,582 - INFO - Ads Scraped
2025-03-17 17:25:51,651 - INFO - Ads Scraped
2025-03-17 17:25:51,716 - INFO - Ads Scraped
2025-03-17 17:25:52,778 - INFO - Ads Scraped
2025-03-17 17:25:52,843 - INFO - Ads Scraped
2025-03-17 17:25:52,904 - INFO - Ads Scraped
2025-03-17 17:25:52,963 - INFO - Ads Scraped
2025-03-17 17:25:53,030 - INFO - Ads Scraped
2025-03-17 17:25:53,119 - INFO - Ads Scraped
2025-03-17 17:25:53,176 - INFO - Ads Scraped
2025-03-17 17:25:53,229 - INFO - Ads Scraped
2025-03-17 17:25:53,285 - INFO - Ads Scraped
2025-03-17 17:25:53,346 - INFO - Ads Scraped
2025-03-17 17:25:53,419 - INFO - Ads Scraped
2025-03-17 17:25:53,491 - INFO - Ads Scraped
2025-03-17 17:25:53,553 - INFO - Ads Scraped
2025-03-17 17:25:53,620 - INFO - Ads Scraped
2025-03-17 17:25:53,681 - INFO - Ads Scraped
2025-03-17 17:25:53,750 - INFO - Ads Scraped
2025-03-17 17:25:53,833 - INFO - Ads Scraped
2025-03-17 17:25:53,905 - INFO - Ads Scraped
2025-03-17 17:25:53,996 - INFO - Ads Scraped
2025-03-17 17:25:54,114 - INFO - Ads Scraped
2025-03-17 17:25:54,173 - INFO - Ads Scraped
2025-03-17 17:25:58,172 - INFO - Scraped 50 posts for keyword 'thẫm mỹ'
2025-03-17 17:26:12,780 - INFO - Ads Scraped
2025-03-17 17:26:12,879 - INFO - Ads Scraped
2025-03-17 17:26:12,969 - INFO - Ads Scraped
2025-03-17 17:26:13,075 - INFO - Ads Scraped
2025-03-17 17:26:13,132 - INFO - Ads Scraped
2025-03-17 17:26:13,216 - INFO - Ads Scraped
2025-03-17 17:26:13,305 - INFO - Ads Scraped
2025-03-17 17:26:13,409 - INFO - Ads Scraped
2025-03-17 17:26:13,490 - INFO - Ads Scraped
2025-03-17 17:26:13,565 - INFO - Ads Scraped
2025-03-17 17:26:13,648 - INFO - Ads Scraped
2025-03-17 17:26:13,727 - INFO - Ads Scraped
2025-03-17 17:26:13,808 - INFO - Ads Scraped
2025-03-17 17:26:13,937 - INFO - Ads Scraped
2025-03-17 17:26:13,997 - INFO - Ads Scraped
2025-03-17 17:26:14,071 - INFO - Ads Scraped
2025-03-17 17:26:14,171 - INFO - Ads Scraped
2025-03-17 17:26:14,243 - INFO - Ads Scraped
2025-03-17 17:26:14,296 - INFO - Ads Scraped
2025-03-17 17:26:14,361 - INFO - Ads Scraped
2025-03-17 17:26:27,793 - INFO - Ads Scraped
2025-03-17 17:26:27,878 - INFO - Ads Scraped
2025-03-17 17:26:27,962 - INFO - Ads Scraped
2025-03-17 17:26:28,065 - INFO - Ads Scraped
2025-03-17 17:26:28,139 - INFO - Ads Scraped
2025-03-17 17:26:28,229 - INFO - Ads Scraped
2025-03-17 17:26:28,297 - INFO - Ads Scraped
2025-03-17 17:26:28,373 - INFO - Ads Scraped
2025-03-17 17:26:28,463 - INFO - Ads Scraped
2025-03-17 17:26:28,525 - INFO - Ads Scraped
2025-03-17 17:26:28,596 - INFO - Ads Scraped
2025-03-17 17:26:28,677 - INFO - Ads Scraped
2025-03-17 17:26:28,768 - INFO - Ads Scraped
2025-03-17 17:26:28,857 - INFO - Ads Scraped
2025-03-17 17:26:28,944 - INFO - Ads Scraped
2025-03-17 17:26:35,517 - INFO - Ads Scraped
2025-03-17 17:26:35,830 - INFO - Ads Scraped
2025-03-17 17:26:35,917 - INFO - Ads Scraped
2025-03-17 17:26:35,988 - INFO - Ads Scraped
2025-03-17 17:26:36,083 - INFO - Ads Scraped
2025-03-17 17:26:36,166 - INFO - Ads Scraped
2025-03-17 17:26:36,248 - INFO - Ads Scraped
2025-03-17 17:26:36,340 - INFO - Ads Scraped
2025-03-17 17:26:36,443 - INFO - Ads Scraped
2025-03-17 17:26:36,524 - INFO - Ads Scraped
2025-03-17 17:26:36,609 - INFO - Ads Scraped
2025-03-17 17:26:36,700 - INFO - Ads Scraped
2025-03-17 17:26:36,781 - INFO - Ads Scraped
2025-03-17 17:26:36,927 - INFO - Ads Scraped
2025-03-17 17:26:37,008 - INFO - Ads Scraped
2025-03-17 17:26:41,508 - INFO - Scraped 50 posts for keyword 'lọc máu'
2025-03-17 17:26:41,820 - INFO - Data saved to ads_posts.xlsx
2025-03-17 17:26:44,247 - INFO - Browser closed
